
Model estimated on: Tue Apr 23 05:35:18 PM 2024 

Call:
gmnl(formula = f, data = dt, model = "mnl", method = "nr")

Frequencies of categories:

       1        2        3        4        5        6 
0.192868 0.272962 0.158307 0.243260 0.060815 0.071787 

The estimation took: 0h:0m:13s 

Coefficients:
                    Estimate Std. Error  z-value  Pr(>|z|)    
I                 -0.9858758  0.0355302 -27.7476 < 2.2e-16 ***
price             -0.0318596  0.0018653 -17.0803 < 2.2e-16 ***
location_EU       -0.0193157  0.0179737  -1.0747    0.2825    
location_UK        0.1726739  0.0178102   9.6952 < 2.2e-16 ***
certificate_NGO    0.0993108  0.0182718   5.4352 5.474e-08 ***
certificate_UK     0.3372772  0.0185896  18.1433 < 2.2e-16 ***
project_renewable  0.1324178  0.0209696   6.3148 2.706e-10 ***
project_landfill  -0.2605849  0.0230259 -11.3170 < 2.2e-16 ***
project_manure    -0.1361997  0.0209358  -6.5056 7.740e-11 ***
---
Signif. codes:  0 ‘***’ 0.001 ‘**’ 0.01 ‘*’ 0.05 ‘.’ 0.1 ‘ ’ 1

Optimization of log-likelihood by Newton-Raphson maximisation
Log Likelihood: -20883
Number of observations: 12760
Number of iterations: 4
Exit of MLE: gradient close to zero (gradtol)Estimating MIXL model 

Model estimated on: Tue Apr 23 05:57:48 PM 2024 

Call:
gmnl(formula = f, data = dt, model = "mixl", ranp = randpar, 
    R = 2000, haltons = NA, panel = T, method = "bhhh", iterlim = 5000)

Frequencies of categories:

       1        2        3        4        5        6 
0.192868 0.272962 0.158307 0.243260 0.060815 0.071787 

The estimation took: 0h:22m:30s 

Coefficients:
                       Estimate Std. Error  z-value Pr(>|z|)    
I                    -1.7011503  0.0525252 -32.3873   <2e-16 ***
price                -0.0511536  0.0027965 -18.2922   <2e-16 ***
location_EU           0.0045105  0.0257912   0.1749   0.8612    
location_UK           0.4279943  0.0265389  16.1271   <2e-16 ***
certificate_NGO       0.2276324  0.0258299   8.8128   <2e-16 ***
certificate_UK        0.6964360  0.0298607  23.3229   <2e-16 ***
project_renewable     0.3692299  0.0308551  11.9666   <2e-16 ***
project_landfill     -0.4972734  0.0350117 -14.2031   <2e-16 ***
project_manure       -0.2832983  0.0303107  -9.3465   <2e-16 ***
sd.price              0.1322326  0.0030649  43.1438   <2e-16 ***
sd.location_EU        0.8082871  0.0376100  21.4913   <2e-16 ***
sd.location_UK        0.9624531  0.0377358  25.5051   <2e-16 ***
sd.certificate_NGO    0.6417821  0.0424587  15.1154   <2e-16 ***
sd.certificate_UK     0.7106940  0.0389340  18.2538   <2e-16 ***
sd.project_renewable  1.0706978  0.0421897  25.3782   <2e-16 ***
sd.project_landfill   0.6982195  0.0491634  14.2020   <2e-16 ***
sd.project_manure     0.8490632  0.0426060  19.9282   <2e-16 ***
---
Signif. codes:  0 ‘***’ 0.001 ‘**’ 0.01 ‘*’ 0.05 ‘.’ 0.1 ‘ ’ 1

Optimization of log-likelihood by BHHH maximisation
Log Likelihood: -17184
Number of observations: 12760
Number of iterations: 38
Exit of MLE: successive function values within relative tolerance limit (reltol)
Simulation based on 2000 draws[1] "Done!"
